peephole server is started ... !
peephole server is started ... !
peephole server is started ... !
peephole server is started ... !
peephole server is started ... !
peephole server is started ... !
config.yaml: Something changed!
v1s: execute 'python run.py'
config.yaml: Something changed!
v1: execute 'python run.py'
files.py: Something changed!
v1: execute 'python run.py'
peephole.py: Something changed!
v1: execute 'python run.py'
peephole server is started ... !
peephole server is started ... !
peephole server is started ... !
peephole server is started ... !
peephole server is started ... !
peephole server is started ... !
peephole server is started ... !
peephole server is started ... !
peephole server is started ... !
peephole server is started ... !
peephole server is started ... !
peephole server is started ... !
config.yaml: Something changed!
v123345422: execute 'python run.py'
config.yaml: Something changed!
v123345422: execute 'python train.py --params params/params_2014.json'
peephole server is started ... !
config.yaml: Something changed!
v100: execute 'python train.py --params params/params_2014.json'
peephole server is started ... !
config.yaml: Something changed!
v12: execute 'python train.py --params params/params_2014.json'
config.yaml: Something changed!
v123: execute 'python train.py --params params/params_2014.json'
peephole server is started ... !
config.yaml: Something changed!
v123: execute 'python train.py --params params/params_2014.json'
config.yaml: Something changed!
v123: execute 'python train.py --params params/params_2014.json &'
config.yaml: Something changed!
v1: execute 'python train.py --params params/params_2014.json &'
config.yaml: Something changed!
v1: execute 'python train.py --params params/params_2014.json --wandb &'
peephole server is started ... !
config.yaml: Something changed!
killed process.
v2: execute 'python train.py --params params/params_2014.json --wandb &'
config.yaml: Something changed!
killed process.
v2: execute 'python train.py --params params/params_2014.json --wandb'
config.yaml: Something changed!
killed process.
v3: execute 'python train.py --params params/params_2014.json --wandb'
peephole server is started ... !
peephole server is started ... !
config.yaml: Something changed!
killed process.
v1: execute 'python train.py --params params/params_2014.json --wandb'
config.yaml: Something changed!
killed process.
v2: execute 'python train.py --params params/params_2014.json --wandb'
config.yaml: Something changed!
killed process.
v3: execute 'python train.py --params params/params_2014.json --wandb'
config.yaml: Something changed!
killed process.
peephole server is started ... !
config.yaml: Something changed!
killed process.
v3: execute 'python ../flare_transformer/'
config.yaml: Something changed!
killed process.
v3: execute 'python ../flare_transformer/train.py --params params/params_2014.json'
config.yaml: Something changed!
killed process.
v3: execute 'python ../flare_transformer/train.py --params params/params_2014.json --wandb'
config.yaml: Something changed!
killed process.
v3: execute 'python ../flare_transformer/train.py --params params/params_2014.json --wandb'
config.yaml: Something changed!
killed process.
v3: execute 'python ../flare_transformer/train.py --params params/params_2014.json --wandb'
peephole server is started ... !
config.yaml: Something changed!
killed process.
current state: inactive
peephole server is started ... !
config.yaml: Something changed!
killed process.
v2: execute 'python ../flare_transformer/train.py --params params/params_2014.json --wandb'
config.yaml: Something changed!
killed process.
current state: inactive
config.yaml: Something changed!
killed process.
v1: execute 'python ../flare_transformer/train.py --params params/params_2014.json --wandb'
config.yaml: Something changed!
peephole server is started ... !
config.yaml: Something changed!
killed process.
v2: execute 'python ../flare_transformer/train.py --params params/params_2014.json --wandb'
config.yaml: Something changed!
killed process.
current state: inactive
config.yaml: Something changed!
killed process.
current state: inactive
config.yaml: Something changed!
killed process.
v3: execute 'python ../flare_transformer/train.py --params params/params_2014.json --wandb'
config.yaml: Something changed!
killed process.
v4: execute 'python ../flare_transformer/train.py --params params/params_2014.json --wandb'
config.yaml: Something changed!
killed process.
v5: execute 'python ../flare_transformer/train_mae.py'
config.yaml: Something changed!
killed process.
current state: inactive
config.yaml: Something changed!
killed process.
current state: inactive
config.yaml: Something changed!
killed process.
current state: inactive
config.yaml: Something changed!
killed process.
current state: inactive
config.yaml: Something changed!
killed process.
v7: execute 'python ../train_mae.py --input_size=256 --epoch=20 --batch_size=13 --baseline=attn --wandb'
config.yaml: Something changed!
killed process.
current state: inactive
config.yaml: Something changed!
killed process.
v7: execute 'python ../flare_transformer/train_mae.py --input_size=256 --epoch=20 --batch_size=13 --baseline=attn --wandb'
config.yaml: Something changed!
killed process.
v7: execute 'python ../flare_transformer/train_mae.py --input_size=256 --epoch=20 --batch_size=13 --baseline=attn --output_dir=output_dir --wandb'
config.yaml: Something changed!
killed process.
v7: execute 'python ../flare_transformer/train_mae.py --input_size=256 --epoch=20 --batch_size=28 --baseline=lambda --output_dir=output_dir --wandb'
config.yaml: Something changed!
killed process.
v7: execute 'python ../flare_transformer/train_mae.py --input_size=256 --epoch=20 --batch_size=47 --baseline=linear --output_dir=output_dir --wandb'
config.yaml: Something changed!
killed process.
v7: execute 'python ../flare_transformer/binsearch.py'
config.yaml: Something changed!
killed process.
v7: execute 'python ../flare_transformer/train_mae.py --input_size=256 --epoch=40 --batch_size=23 --baseline=linear --output_dir=output_dir --wandb'
config.yaml: Something changed!
killed process.
v7: execute 'python ../flare_transformer/train_mae.py --input_size=256 --epoch=40 --batch_size=23 --baseline=attn --output_dir=output_dir --wandb'
config.yaml: Something changed!
killed process.
v7: execute 'python ../flare_transformer/train_mae.py --input_size=256 --epoch=40 --batch_size=23 --baseline=lambda --output_dir=output_dir --wandb'
peephole server is started ... !
config.yaml: Something changed!
killed process.
v45: execute 'sh run.sh'
peephole server is started ... !
config.yaml: Something changed!
killed process.
v45: execute 'echo aaa'
config.yaml: Something changed!
killed process.
v44: execute 'python ../flare_transformer/train.py --params params/params_2014.json --dim=128 --baseline=attn --enc_depth=4 --dec_depth=4 --baseline=attn --warmup_epochs=5 --wandb'
config.yaml: Something changed!
killed process.
v44: execute 'python ../flare_transformer/train.py --params params/params_2014.json --dim=128 --baseline=attn --enc_depth=4 --dec_depth=4 --baseline=attn --warmup_epochs=5'
peephole server is started ... !
config.yaml: Something changed!
killed process.
v44: execute 'python ../flare_transformer/train.py --params params/params_2014.json --dim=128 --baseline=attn --enc_depth=4 --dec_depth=4 --baseline=attn --warmup_epochs=5 --wandb'
config.yaml: Something changed!
killed process.
v44: execute 'python ../flare_transformer/train.py --params params/params_2014.json --dim=128 --baseline=attn --enc_depth=4 --dec_depth=4 --baseline=attn --warmup_epochs=5'
config.yaml: Something changed!
killed process.
v45: execute 'python ../flare_transformer/train.py --params params/params_2014.json --dim=128 --baseline=attn --enc_depth=4 --dec_depth=4 --baseline=attn --warmup_epochs=5'
peephole server is started ... !
config.yaml: Something changed!
killed process.
v45: execute 'python .'
config.yaml: Something changed!
killed process.
v45: execute 'python'
config.yaml: Something changed!
killed process.
v45: execute 'python seq_run.py'
config.yaml: Something changed!
killed process.
v46: execute 'python seq_run.py'
config.yaml: Something changed!
killed process.
v47: execute 'python seq_run.py'
config.yaml: Something changed!
killed process.
v47: execute 'python ../peephole/seq_run.py'
peephole server is started ... !
peephole server is started ... !
peephole server is started ... !
config.yaml: Something changed!
killed process.
v46: execute 'python ../flare_transformer/train.py --params params/params_2014.json --dim=128 --baseline=attn --enc_depth=4 --dec_depth=4 --baseline=attn --warmup_epochs=5'
peephole server is started ... !
config.yaml: Something changed!
killed process.
v47: execute 'python ../flare_transformer/train.py --params params/params_2014.json --dim=128 --baseline=attn --enc_depth=4 --dec_depth=4 --baseline=attn --warmup_epochs=5'
config.yaml: Something changed!
Something wrong: cannot kill all processes
shutdown: peephole server
peephole server is started ... !
config.yaml: Something changed!
killed process.
v48: execute 'python ../peephole/seq_run.py'
config.yaml: Something changed!
peephole server is started ... !
config.yaml: Something changed!
killed process.
v50: execute 'python ../peephole/seq_run.py'
peephole server is started ... !
config.yaml: Something changed!
killed process.
v51: execute 'python ../peephole/seq_run.py'
peephole server is started ... !
config.yaml: Something changed!
killed process.
v52: execute 'python ../peephole/seq_run.py'
config.yaml: Something changed!
killed process.
current state: inactive
peephole server is started ... !
config.yaml: Something changed!
killed process.
current state: inactive
config.yaml: Something changed!
killed process.
v53: execute 'python ../peephole/seq_run.py'
config.yaml: Something changed!
killed process.
current state: inactive
peephole server is started ... !
config.yaml: Something changed!
killed process.
current state: inactive
config.yaml: Something changed!
killed process.
v54: execute 'python ../peephole/seq_run.py'
config.yaml: Something changed!
killed process.
current state: inactive
config.yaml: Something changed!
killed process.
v54: execute 'python ../peephole/seq_run.py'
config.yaml: Something changed!
killed process.
current state: inactive
config.yaml: Something changed!
killed process.
v54: execute 'python ../peephole/seq_run.py'
config.yaml: Something changed!
killed process.
current state: inactive
peephole server is started ... !
config.yaml: Something changed!
killed process.
v54: execute 'python ../peephole/seq_run.py'
peephole server is started ... !
config.yaml: Something changed!
killed process.
v55: execute 'python ../peephole/seq_run.py'
config.yaml: Something changed!
killed process.
v56: execute 'python ../peephole/seq_run.py'
config.yaml: Something changed!
killed process.
v57: execute 'python ../peephole/seq_run.py'
peephole server is started ... !
config.yaml: Something changed!
killed process.
v57: execute 'python train_mae.py --input_size=256 --epoch=100 --dim=128 --batch_size=80 --enc_depth=4 --dec_depth=4 --baseline=attn --target=cseq --mask_ratio=0.75 --output_dir=output_dir --k=1 --lr=0.0000021'
config.yaml: Something changed!
killed process.
v57: execute 'python train_mae.py --input_size=256 --epoch=100 --dim=128 --batch_size=80 --enc_depth=4 --dec_depth=4 --baseline=attn --target=cseq --mask_ratio=0.75 --output_dir=output_dir --k=6 --lr=0.0000021'
config.yaml: Something changed!
killed process.
current state: inactive
config.yaml: Something changed!
killed process.
current state: inactive
config.yaml: Something changed!
killed process.
v57: execute 'python train_mae.py --input_size=256 --epoch=100 --dim=128 --batch_size=64 --enc_depth=4 --dec_depth=4 --baseline=attn --target=cseq --mask_ratio=0.75 --output_dir=output_dir --k=6 --lr=0.0000021 --wandb'
config.yaml: Something changed!
killed process.
v57: execute 'python train_mae.py --input_size=256 --epoch=100 --dim=128 --batch_size=64 --enc_depth=4 --dec_depth=4 --baseline=attn --target=cseq --mask_ratio=0.75 --output_dir=output_dir --k=6 --lr=0.00000021 --wandb'
config.yaml: Something changed!
killed process.
v58: execute 'python train_mae.py --input_size=256 --epoch=100 --dim=128 --batch_size=64 --enc_depth=4 --dec_depth=4 --baseline=attn --target=cseq --mask_ratio=0.75 --output_dir=output_dir --k=6 --lr=0.00000021 --wandb'
config.yaml: Something changed!
killed process.
v58: execute 'python train_mae.py --input_size=256 --epoch=100 --dim=128 --batch_size=64 --enc_depth=4 --dec_depth=4 --baseline=attn --target=cseq --mask_ratio=0.75 --output_dir=output_dir --k=6 --wandb'
config.yaml: Something changed!
killed process.
v58: execute 'python train_mae.py --input_size=256 --epoch=100 --dim=128 --batch_size=64 --enc_depth=4 --dec_depth=4 --baseline=attn --target=cseq --mask_ratio=0.75 --output_dir=output_dir --k=6 --lr=0.0000021 --wandb'
config.yaml: Something changed!
killed process.
v58: execute 'python train_mae.py --input_size=256 --epoch=100 --dim=8 --batch_size=56 --enc_depth=4 --dec_depth=4 --baseline=attn --target=cseq --mask_ratio=0.50 --output_dir=output_dir --k=6 --wandb'
config.yaml: Something changed!
killed process.
current state: inactive
config.yaml: Something changed!
killed process.
current state: inactive
config.yaml: Something changed!
killed process.
v58: execute 'python train_mae.py --input_size=256 --epoch=100 --dim=8 --batch_size=56 --enc_depth=4 --dec_depth=4 --baseline=attn --target=cseq --mask_ratio=0.50 --output_dir=output_dir --k=6 --lr=0.01 --wandb'
config.yaml: Something changed!
killed process.
v58: execute 'python train_mae.py --input_size=256 --epoch=100 --dim=128 --batch_size=56 --enc_depth=4 --dec_depth=4 --baseline=attn --target=cseq --mask_ratio=0.50 --output_dir=output_dir --k=6 --lr=0.01 --wandb'
config.yaml: Something changed!
killed process.
v59: execute 'python train_mae.py --input_size=256 --epoch=100 --dim=128 --batch_size=56 --enc_depth=4 --dec_depth=4 --baseline=attn --target=cseq --mask_ratio=0.50 --output_dir=output_dir --k=6 --lr=0.01 --wandb'
config.yaml: Something changed!
killed process.
v59: execute 'python train_mae.py --input_size=256 --epoch=100 --dim=128 --batch_size=56 --enc_depth=4 --dec_depth=4 --baseline=attn --target=cseq --mask_ratio=0.50 --output_dir=output_dir --k=6 --lr=0.01 --mask_token_type=sub --wandb'
config.yaml: Something changed!
killed process.
v59: execute 'python train_mae.py --input_size=256 --epoch=100 --dim=128 --batch_size=32 --enc_depth=4 --dec_depth=4 --baseline=attn --target=cseq --mask_ratio=0.50 --output_dir=output_dir --k=6 --lr=0.01 --mask_token_type=sub --wandb'
